  Azure Sphere Utility version 19.5.4.53731
  Copyright (C) Microsoft Corporation. All rights reserved.
   
  Start time (UTC): Tuesday, 08 October 2019 21:54:46 
  verbose: Creating image package. 
  verbose: Azure Sphere application image package written. 
  verbose: Appending metadata. 
  verbose: Wrote metadata:
    Section: Identity
      Image Type:           Application
      Component ID:         685f13af-25a5-40b2-8dd8-8cbc253ecbd8
      Image ID:             5048afeb-1355-4b7a-b955-e267915dfd6c
    Section: Signature
      Signing Type:         ECDsa256
      Cert:                 a8d5cc6958f48710140d7a26160fc1cfc31f5df0
    Section: Debug
      Image Name:           Avnet-Starter-Kit-reference-V1.0
      Built On (UTC):       10/8/2019 9:54:47 PM
      Built On (Local):     10/9/2019 3:24:47 AM
    Section: Temporary Image
      Remove image at boot: False
      Under development:    True
    Section: ABI Depends
      Depends on:           ApplicationRuntime, version 2
   
  verbose: Packaging completed successfully. 
  verbose: Output file is at: C:\Users\Quantum\source\repos\AvnetAzureSphereStarterKitReferenceDesign\AvnetStarterKitReferenceDesign\bin\ARM\Debug\AvnetStarterKitReferenceDesign.imagepackage 
  Command completed successfully in 00:00:00.4949190. 
